\BOOKMARK [0][-]{chapter.1}{\376\377\000I\000n\000t\000r\000o\000d\000u\000c\000t\000i\000o\000n}{}% 1
\BOOKMARK [1][-]{section.1.1}{\376\377\000W\000a\000t\000e\000r}{chapter.1}% 2
\BOOKMARK [1][-]{section.1.2}{\376\377\000H\000y\000d\000r\000o\000g\000e\000n\000\040\000B\000o\000n\000d}{chapter.1}% 3
\BOOKMARK [1][-]{section.1.3}{\376\377\000C\000o\000o\000p\000e\000r\000a\000t\000i\000v\000i\000t\000y\000\040\000a\000n\000d\000\040\000A\000n\000t\000i\000c\000o\000o\000p\000e\000r\000a\000t\000i\000v\000i\000t\000y\000\040\000o\000f\000\040\000H\000B}{chapter.1}% 4
\BOOKMARK [0][-]{chapter.2}{\376\377\000O\000b\000j\000e\000c\000t\000i\000v\000e\000s}{}% 5
\BOOKMARK [0][-]{chapter.3}{\376\377\000M\000e\000t\000h\000o\000d\000s}{}% 6
\BOOKMARK [1][-]{section.3.1}{\376\377\000Q\000u\000a\000n\000t\000u\000m\000\040\000M\000e\000c\000h\000a\000n\000i\000c\000s\000\040\000F\000o\000u\000n\000d\000a\000t\000i\000o\000n\000s}{chapter.3}% 7
\BOOKMARK [2][-]{subsection.3.1.1}{\376\377\000V\000a\000r\000i\000a\000t\000i\000o\000n\000a\000l\000\040\000M\000e\000t\000h\000o\000d}{section.3.1}% 8
\BOOKMARK [2][-]{subsection.3.1.2}{\376\377\000H\000a\000r\000t\000r\000e\000e\000-\000F\000o\000c\000k\000\040\000F\000o\000r\000m\000a\000l\000i\000s\000m}{section.3.1}% 9
\BOOKMARK [1][-]{section.3.2}{\376\377\000E\000l\000e\000c\000t\000r\000o\000n\000i\000c\000\040\000D\000e\000n\000s\000i\000t\000y}{chapter.3}% 10
\BOOKMARK [2][-]{subsection.3.2.1}{\376\377\000D\000e\000n\000s\000i\000t\000y\000\040\000m\000a\000t\000r\000i\000x}{section.3.2}% 11
\BOOKMARK [1][-]{section.3.3}{\376\377\000D\000e\000n\000s\000i\000t\000y\000\040\000F\000u\000n\000c\000t\000i\000o\000n\000a\000l\000\040\000T\000h\000e\000o\000r\000y}{chapter.3}% 12
\BOOKMARK [2][-]{subsection.3.3.1}{\376\377\000H\000o\000h\000e\000n\000b\000e\000r\000g\000-\000K\000o\000h\000n\000\040\000T\000h\000e\000o\000r\000e\000m\000s}{section.3.3}% 13
\BOOKMARK [2][-]{subsection.3.3.2}{\376\377\000K\000o\000h\000n\000-\000S\000h\000a\000m\000\040\000A\000p\000p\000r\000o\000x\000i\000m\000a\000t\000i\000o\000n}{section.3.3}% 14
\BOOKMARK [2][-]{subsection.3.3.3}{\376\377\000E\000x\000c\000h\000a\000n\000g\000e\000-\000C\000o\000r\000r\000e\000l\000a\000t\000i\000o\000n\000\040\000F\000u\000n\000c\000t\000i\000o\000n\000a\000l\000s}{section.3.3}% 15
\BOOKMARK [1][-]{section.3.4}{\376\377\000T\000o\000p\000o\000l\000o\000g\000y}{chapter.3}% 16
\BOOKMARK [1][-]{section.3.5}{\376\377\000Q\000u\000a\000n\000t\000u\000m\000\040\000T\000h\000e\000o\000r\000y\000\040\000o\000f\000\040\000A\000t\000o\000m\000s\000\040\000I\000n\000\040\000M\000o\000l\000e\000c\000u\000l\000e\000s}{chapter.3}% 17
\BOOKMARK [2][-]{subsection.3.5.1}{\376\377\000T\000o\000p\000o\000l\000o\000g\000i\000c\000a\000l\000\040\000p\000r\000o\000p\000e\000r\000t\000i\000e\000s\000\040\000o\000f\000\040\000t\000h\000e\000\040\000e\000l\000e\000c\000t\000r\000o\000n\000i\000c\000\040\000d\000e\000n\000s\000i\000t\000y}{section.3.5}% 18
\BOOKMARK [2][-]{subsection.3.5.2}{\376\377\000A\000t\000o\000m\000\040\000p\000r\000o\000p\000e\000r\000t\000i\000e\000s\000\040\000i\000n\000\040\000m\000o\000l\000e\000c\000u\000l\000e\000s}{section.3.5}% 19
\BOOKMARK [1][-]{section.3.6}{\376\377\000I\000n\000t\000e\000r\000a\000c\000t\000i\000n\000g\000\040\000Q\000u\000a\000n\000t\000u\000m\000\040\000A\000t\000o\000m\000s}{chapter.3}% 20
\BOOKMARK [1][-]{section.3.7}{\376\377\000E\000l\000e\000c\000t\000r\000o\000n\000\040\000L\000o\000c\000a\000l\000i\000z\000a\000t\000i\000o\000n\000\040\000F\000u\000n\000c\000t\000i\000o\000n}{chapter.3}% 21
\BOOKMARK [1][-]{section.3.8}{\376\377\000N\000o\000n\000-\000C\000o\000v\000a\000l\000e\000n\000t\000\040\000I\000n\000t\000e\000r\000a\000c\000t\000i\000o\000n\000s}{chapter.3}% 22
\BOOKMARK [1][-]{section.3.9}{\376\377\000C\000o\000m\000p\000u\000t\000a\000t\000i\000o\000n\000a\000l\000\040\000D\000e\000t\000a\000i\000l\000s}{chapter.3}% 23
\BOOKMARK [0][-]{chapter.4}{\376\377\000R\000e\000s\000u\000l\000t\000s}{}% 24
\BOOKMARK [1][-]{section.4.1}{\376\377\000S\000y\000s\000t\000e\000m\000s}{chapter.4}% 25
\BOOKMARK [1][-]{section.4.2}{\376\377\000T\000h\000e\000o\000r\000y\000\040\000l\000e\000v\000e\000l\000,\000\040\000m\000e\000t\000h\000o\000d\000\040\000e\000l\000e\000c\000t\000i\000o\000n}{chapter.4}% 26
\BOOKMARK [1][-]{section.4.3}{\376\377\000E\000l\000e\000c\000t\000r\000o\000n\000i\000c\000\040\000L\000o\000c\000a\000l\000i\000z\000a\000t\000i\000o\000n\000\040\000F\000u\000n\000c\000t\000i\000o\000n\000\040\000A\000n\000a\000l\000y\000s\000i\000s}{chapter.4}% 27
\BOOKMARK [1][-]{section.4.4}{\376\377\000N\000o\000n\000-\000C\000o\000v\000a\000l\000e\000n\000t\000\040\000I\000n\000t\000e\000r\000a\000c\000t\000i\000o\000n\000s}{chapter.4}% 28
\BOOKMARK [1][-]{section.4.5}{\376\377\000P\000r\000o\000m\000e\000l\000f}{chapter.4}% 29
\BOOKMARK [0][-]{chapter.5}{\376\377\000C\000o\000n\000c\000l\000u\000s\000i\000o\000n\000s}{}% 30
\BOOKMARK [0][-]{appendix.A}{\376\377\000S\000u\000p\000p\000o\000r\000t\000i\000n\000g\000\040\000I\000n\000f\000o\000r\000m\000a\000t\000i\000o\000n}{}% 31
\BOOKMARK [1][-]{section.A.1}{\376\377\000S\000u\000p\000p\000o\000r\000t\000i\000n\000g\000\040\000t\000a\000b\000l\000e\000s}{appendix.A}% 32
\BOOKMARK [1][-]{section.A.2}{\376\377\000S\000c\000r\000i\000p\000t\000s}{appendix.A}% 33
\BOOKMARK [1][-]{section.A.3}{\376\377\000G\000e\000o\000m\000e\000t\000r\000i\000e\000s\000\040\000o\000f\000\040\000w\000a\000t\000e\000r\000\040\000c\000l\000u\000s\000t\000e\000r\000s}{appendix.A}% 34
